<?xml version="1.0" encoding="UTF-8"?>
<!-- Generated by org.testng.reporters.JUnitReportReporter -->
<testsuite hostname="Navamis-Air.local" failures="0" tests="1" name="testScripts.LoginTest" time="15.693" errors="0" timestamp="2024-08-08T07:47:25 BST" skipped="0">
  <testcase classname="testScripts.LoginTest" name="verifyUserIsAbleToLoginWithWrongUsernameCorrectPassword" time="15.693"/>
</testsuite> <!-- testScripts.LoginTest -->
