<?xml version="1.0" encoding="UTF-8"?>
<!-- Generated by org.testng.reporters.JUnitReportReporter -->
<testsuite hostname="Navamis-Air.local" failures="0" tests="1" name="testScripts.AdminUserTest" time="28.607" errors="0" timestamp="2024-08-11T16:32:46 BST" skipped="0">
  <testcase classname="testScripts.AdminUserTest" name="verifyWhetherAnewUserIsAbleToBeCreated" time="28.607"/>
</testsuite> <!-- testScripts.AdminUserTest -->
