<?xml version="1.0" encoding="UTF-8"?>
<!-- Generated by org.testng.reporters.JUnitReportReporter -->
<testsuite hostname="Navamis-Air.local" failures="0" tests="1" name="testScripts.AdminUserTest" time="68.737" errors="0" timestamp="2024-08-06T07:33:15 BST" skipped="0">
  <testcase classname="testScripts.AdminUserTest" name="verifyWhetherAuserStatusIsableToChange" time="68.737"/>
</testsuite> <!-- testScripts.AdminUserTest -->
