<?xml version="1.0" encoding="UTF-8"?>
<!-- Generated by org.testng.reporters.JUnitReportReporter -->
<testsuite hostname="Navamis-Air.local" failures="0" tests="1" name="testScripts.ManageProductTest" time="16.603" errors="0" timestamp="2024-08-12T21:01:56 BST" skipped="0">
  <testcase classname="testScripts.ManageProductTest" name="verfifywhetherListProductsCountUpdatesWhenAProductIsDeleted" time="16.603"/>
</testsuite> <!-- testScripts.ManageProductTest -->
