<?xml version="1.0" encoding="UTF-8"?>
<!-- Generated by org.testng.reporters.JUnitReportReporter -->
<testsuite hostname="Navamis-Air.local" failures="0" tests="1" name="testScripts.ListTest" time="29.443" errors="0" timestamp="2024-08-05T06:39:27 BST" skipped="0">
  <testcase classname="testScripts.ListTest" name="verifyWhetherNewTittleNameIsAbleToAdd" time="29.443"/>
</testsuite> <!-- testScripts.ListTest -->
