<?xml version="1.0" encoding="UTF-8"?>
<!-- Generated by org.testng.reporters.JUnitReportReporter -->
<testsuite hostname="Navamis-Air.local" failures="0" tests="1" name="testScripts.ListSubCategoriesTest" time="31.537" errors="0" timestamp="2024-08-11T14:49:28 BST" skipped="0">
  <testcase classname="testScripts.ListSubCategoriesTest" name="verifyImageFieldUpatedForSearchedCategory" time="31.537"/>
</testsuite> <!-- testScripts.ListSubCategoriesTest -->
