<?xml version="1.0" encoding="UTF-8"?>
<!-- Generated by org.testng.reporters.JUnitReportReporter -->
<testsuite hostname="Navamis-MacBook-Air.local" failures="0" tests="1" name="testScripts.Tees" time="18.065" errors="0" timestamp="2024-07-23T19:24:13 IST" skipped="0">
  <testcase classname="testScripts.Tees" name="test" time="18.065"/>
</testsuite> <!-- testScripts.Tees -->
