<?xml version="1.0" encoding="UTF-8"?>
<!-- Generated by org.testng.reporters.JUnitReportReporter -->
<testsuite hostname="Navamis-MacBook-Air.local" failures="0" tests="3" name="testScripts.LoginTestcases" time="28.754" errors="0" timestamp="2024-07-18T17:00:49 IST" skipped="0">
  <testcase classname="testScripts.LoginTestcases" name="verifyUserIsAbleToLoginWithCorrectUsernameWrongPassword" time="11.198"/>
  <testcase classname="testScripts.LoginTestcases" name="verifyUserIsAbleToLoginWithWrongUsernameCorrectPassword" time="8.780"/>
  <testcase classname="testScripts.LoginTestcases" name="verifyUserIsAbleToLoginWithIncorrectUserNameAndPassword" time="8.776"/>
</testsuite> <!-- testScripts.LoginTestcases -->
