<?xml version="1.0" encoding="UTF-8"?>
<!-- Generated by org.testng.reporters.JUnitReportReporter -->
<testsuite hostname="Navamis-Air.local" failures="0" tests="1" name="testScripts.AdminUserTest" time="19.537" errors="0" timestamp="2024-08-12T20:55:25 BST" skipped="0">
  <testcase classname="testScripts.AdminUserTest" name="verifyWhetherARandomuserIsableToBeDeleted" time="19.537"/>
</testsuite> <!-- testScripts.AdminUserTest -->
