<?xml version="1.0" encoding="UTF-8"?>
<!-- Generated by org.testng.reporters.JUnitReportReporter -->
<testsuite hostname="Navamis-MacBook-Air.local" failures="0" tests="4" name="testScripts.CrmTest" time="50.596" errors="0" timestamp="2024-07-19T23:14:57 IST" skipped="0">
  <testcase classname="testScripts.CrmTest" name="verifyTheloginWithIncorrectUsernameAndCorrectPassword" time="14.239"/>
  <testcase classname="testScripts.CrmTest" name="verifyTheloginWithIncorrectUsernameAndIncorrectPassword" time="11.129"/>
  <testcase classname="testScripts.CrmTest" name="verifyTheloginWithCorrectUsernameAndIncorrectPassword" time="11.335"/>
  <testcase classname="testScripts.CrmTest" name="verifyTheloginwithCorrectusernameAndCorrectPassword" time="13.893"/>
</testsuite> <!-- testScripts.CrmTest -->
